2018-03-30 17:20:02,294 [MainThread  ] [INFO    ]  opened shelf
2018-03-30 17:20:02,295 [MainThread  ] [INFO    ]  Number of words in text is: 61
2018-03-30 17:20:05,985 [MainThread  ] [INFO    ]  Starting Timer
2018-03-30 17:20:05,985 [MainThread  ] [INFO    ]  User is now typing..
2018-03-30 17:20:10,229 [MainThread  ] [INFO    ]  Program terminated
2018-04-01 03:17:31,203 [MainThread  ] [INFO    ]  Starting Timer
2018-04-01 03:17:31,249 [MainThread  ] [INFO    ]  opened shelf
2018-04-01 03:42:16,747 [MainThread  ] [INFO    ]  Starting Timer
2018-04-01 03:42:16,755 [MainThread  ] [INFO    ]  opened shelf
2018-04-01 03:43:10,296 [MainThread  ] [INFO    ]  opened shelf
2018-04-01 03:44:35,907 [MainThread  ] [INFO    ]  opened shelf
2018-04-01 03:44:35,908 [MainThread  ] [INFO    ]  Number of words in text is: 61
2018-04-01 03:44:38,857 [MainThread  ] [INFO    ]  Starting Timer
2018-04-01 03:44:55,164 [MainThread  ] [INFO    ]  opened shelf
2018-04-01 03:44:55,165 [MainThread  ] [INFO    ]  Number of words in text is: 56
2018-04-01 03:44:56,342 [MainThread  ] [INFO    ]  Starting Timer
2018-04-01 03:44:56,342 [MainThread  ] [INFO    ]  User is now typing..
2018-04-01 03:46:47,170 [MainThread  ] [INFO    ]  opened shelf
2018-04-01 03:46:47,170 [MainThread  ] [INFO    ]  Number of words in text is: 62
2018-04-01 03:46:48,546 [MainThread  ] [INFO    ]  Starting Timer
2018-04-01 03:46:48,546 [MainThread  ] [INFO    ]  User is now typing..
2018-04-01 03:48:04,208 [MainThread  ] [INFO    ]  opened shelf
2018-04-01 03:48:04,208 [MainThread  ] [INFO    ]  Number of words in text is: 62
2018-04-01 03:48:05,381 [MainThread  ] [INFO    ]  Starting Timer
2018-04-01 03:48:05,382 [MainThread  ] [INFO    ]  User is now typing..
2018-04-01 03:48:19,341 [MainThread  ] [INFO    ]  opened shelf
2018-04-01 03:48:22,731 [MainThread  ] [INFO    ]  opened shelf
2018-04-01 03:48:22,731 [MainThread  ] [INFO    ]  Number of words in text is: 70
2018-04-01 03:48:23,929 [MainThread  ] [INFO    ]  Starting Timer
2018-04-01 03:48:23,929 [MainThread  ] [INFO    ]  User is now typing..
2018-04-01 03:48:53,882 [MainThread  ] [INFO    ]  opened shelf
2018-04-01 03:48:53,882 [MainThread  ] [INFO    ]  Number of words in text is: 43
2018-04-01 03:48:55,553 [MainThread  ] [INFO    ]  Starting Timer
2018-04-01 03:48:55,553 [MainThread  ] [INFO    ]  User is now typing..
2018-04-01 03:48:56,590 [MainThread  ] [INFO    ]  Program terminated
2018-04-01 03:51:14,035 [MainThread  ] [INFO    ]  opened shelf
2018-04-01 03:51:14,035 [MainThread  ] [INFO    ]  Number of words in text is: 43
2018-04-01 03:51:15,346 [MainThread  ] [INFO    ]  Starting Timer
2018-04-01 03:51:15,346 [MainThread  ] [INFO    ]  User is now typing..
2018-04-01 03:51:15,917 [MainThread  ] [INFO    ]  Program terminated
2018-05-02 15:18:23,693 [MainThread  ] [INFO    ]  opened shelf
2018-05-02 15:18:23,694 [MainThread  ] [INFO    ]  Number of words in text is: 62
2018-05-02 15:18:26,032 [MainThread  ] [INFO    ]  Starting Timer
2018-05-02 15:18:26,032 [MainThread  ] [INFO    ]  User is now typing..
2018-05-02 15:19:15,285 [MainThread  ] [INFO    ]  Program terminated
2018-05-02 15:20:26,113 [MainThread  ] [INFO    ]  opened shelf
2018-05-02 15:20:31,121 [MainThread  ] [INFO    ]  opened shelf
2018-05-02 15:20:31,121 [MainThread  ] [INFO    ]  Number of words in text is: 62
2018-05-02 15:20:32,861 [MainThread  ] [INFO    ]  Starting Timer
2018-05-02 15:20:32,861 [MainThread  ] [INFO    ]  User is now typing..
2018-05-02 15:20:35,781 [MainThread  ] [INFO    ]  Program terminated
2018-05-02 15:20:47,368 [MainThread  ] [INFO    ]  opened shelf
2018-05-02 15:20:47,369 [MainThread  ] [INFO    ]  Number of words in text is: 61
2018-05-02 15:20:48,637 [MainThread  ] [INFO    ]  Starting Timer
2018-05-02 15:20:48,637 [MainThread  ] [INFO    ]  User is now typing..
2018-05-02 15:20:51,607 [MainThread  ] [INFO    ]  Program terminated
2018-05-02 15:22:53,416 [MainThread  ] [INFO    ]  opened shelf
2018-05-02 15:22:53,417 [MainThread  ] [INFO    ]  Number of words in text is: 62
2018-05-02 15:22:55,011 [MainThread  ] [INFO    ]  Starting Timer
2018-05-02 15:22:55,011 [MainThread  ] [INFO    ]  User is now typing..
2018-05-02 15:22:56,641 [MainThread  ] [INFO    ]  Program terminated
2018-05-02 15:23:08,294 [MainThread  ] [INFO    ]  opened shelf
2018-05-02 15:23:08,294 [MainThread  ] [INFO    ]  Number of words in text is: 62
2018-05-02 15:23:10,311 [MainThread  ] [INFO    ]  Starting Timer
2018-05-02 15:23:10,311 [MainThread  ] [INFO    ]  User is now typing..
2018-05-02 15:23:12,300 [MainThread  ] [INFO    ]  Program terminated
2018-05-02 15:23:14,203 [MainThread  ] [INFO    ]  opened shelf
2018-05-02 15:23:14,203 [MainThread  ] [INFO    ]  Number of words in text is: 61
2018-05-02 15:23:14,985 [MainThread  ] [INFO    ]  Starting Timer
2018-05-02 15:23:14,985 [MainThread  ] [INFO    ]  User is now typing..
2018-05-02 15:24:16,632 [MainThread  ] [INFO    ]  Program terminated
2018-05-02 15:25:35,287 [MainThread  ] [INFO    ]  opened shelf
2018-05-02 15:25:35,288 [MainThread  ] [INFO    ]  Number of words in text is: 70
2018-05-02 15:25:37,150 [MainThread  ] [INFO    ]  Starting Timer
2018-05-02 15:25:37,150 [MainThread  ] [INFO    ]  User is now typing..
2018-05-02 15:26:30,492 [MainThread  ] [INFO    ]  Time taken was: 53.34153890609741 seconds
2018-05-02 15:26:30,492 [MainThread  ] [INFO    ]  Program terminated
2018-05-02 15:34:01,009 [MainThread  ] [INFO    ]  opened shelf
2018-05-02 15:34:01,009 [MainThread  ] [INFO    ]  Number of words in text is: 62
2018-05-02 15:34:03,064 [MainThread  ] [INFO    ]  Starting Timer
2018-05-02 15:34:03,065 [MainThread  ] [INFO    ]  User is now typing..
2018-05-02 15:34:13,310 [MainThread  ] [INFO    ]  Time taken was: 10.245625495910645 seconds
2018-05-02 15:35:10,288 [MainThread  ] [INFO    ]  opened shelf
2018-05-02 15:35:10,289 [MainThread  ] [INFO    ]  Number of words in text is: 62
2018-05-02 15:35:11,699 [MainThread  ] [INFO    ]  Starting Timer
2018-05-02 15:35:11,700 [MainThread  ] [INFO    ]  User is now typing..
2018-05-02 15:35:21,871 [MainThread  ] [INFO    ]  Time taken was: 10.171239852905273 seconds
2018-05-02 15:36:38,947 [MainThread  ] [INFO    ]  opened shelf
2018-05-02 15:36:38,947 [MainThread  ] [INFO    ]  Number of words in text is: 61
2018-05-02 15:36:40,145 [MainThread  ] [INFO    ]  Starting Timer
2018-05-02 15:36:40,145 [MainThread  ] [INFO    ]  User is now typing..
2018-05-02 15:36:45,748 [MainThread  ] [INFO    ]  Time taken was: 5.602653741836548 seconds
2018-05-02 15:36:57,000 [MainThread  ] [INFO    ]  opened shelf
2018-05-02 15:36:57,001 [MainThread  ] [INFO    ]  Number of words in text is: 43
2018-05-02 15:36:58,527 [MainThread  ] [INFO    ]  Starting Timer
2018-05-02 15:36:58,528 [MainThread  ] [INFO    ]  User is now typing..
2018-05-02 15:37:03,096 [MainThread  ] [INFO    ]  Time taken was: 4.568554878234863 seconds
2018-05-02 15:37:03,097 [MainThread  ] [INFO    ]  Program terminated
2018-05-02 15:37:54,481 [MainThread  ] [INFO    ]  opened shelf
2018-05-02 15:37:54,481 [MainThread  ] [INFO    ]  Number of words in text is: 62
2018-05-02 15:37:55,588 [MainThread  ] [INFO    ]  Starting Timer
2018-05-02 15:37:55,589 [MainThread  ] [INFO    ]  User is now typing..
2018-05-02 15:38:08,187 [MainThread  ] [INFO    ]  Time taken was: 12.597669839859009 seconds
2018-05-02 15:38:08,187 [MainThread  ] [INFO    ]  Program terminated
2018-05-02 15:38:59,759 [MainThread  ] [INFO    ]  opened shelf
2018-05-02 15:38:59,760 [MainThread  ] [INFO    ]  Number of words in text is: 62
2018-05-02 15:39:00,892 [MainThread  ] [INFO    ]  Starting Timer
2018-05-02 15:39:00,892 [MainThread  ] [INFO    ]  User is now typing..
2018-05-02 15:39:16,842 [MainThread  ] [INFO    ]  Time taken was: 15.950253009796143 seconds
2018-05-02 15:39:16,842 [MainThread  ] [INFO    ]  Program terminated
2018-05-02 15:40:30,219 [MainThread  ] [INFO    ]  opened shelf
2018-05-02 15:40:30,220 [MainThread  ] [INFO    ]  Number of words in text is: 62
2018-05-02 15:40:33,276 [MainThread  ] [INFO    ]  Starting Timer
2018-05-02 15:40:33,276 [MainThread  ] [INFO    ]  User is now typing..
2018-05-02 15:40:44,247 [MainThread  ] [INFO    ]  Time taken was: 10.970300912857056 seconds
2018-05-02 15:40:44,247 [MainThread  ] [INFO    ]  Program terminated
